2025-03-03 12:23:39 [main] INFO  Log - Starting WebDriver
2025-03-03 12:23:53 [main] INFO  Log - Navigation to URL....
2025-03-03 12:24:31 [main] INFO  Log - Starting WebDriver
2025-03-03 12:24:33 [main] INFO  Log - Navigation to URL....
2025-03-03 12:29:38 [main] INFO  Log - Starting WebDriver
2025-03-03 12:29:41 [main] INFO  Log - Navigation to URL....
2025-03-03 12:29:46 [main] INFO  Log - Starting login test...
2025-03-03 12:29:46 [main] INFO  Log - Adding credentials
2025-03-03 12:29:47 [main] INFO  Log - clicking login button...
2025-03-03 12:29:47 [main] INFO  Log - Verifying page title
2025-03-03 12:29:47 [main] INFO  Log - Closing Brower.
2025-03-03 12:41:13 [main] INFO  Log - Starting WebDriver
2025-03-03 12:41:15 [main] INFO  Log - Navigation to URL....
2025-03-03 12:41:17 [main] INFO  Log - Starting login test...
2025-03-03 12:41:17 [main] INFO  Log - Adding credentials
2025-03-03 12:41:17 [main] INFO  Log - clicking login button...
2025-03-03 12:41:18 [main] INFO  Log - Verifying page title
2025-03-03 12:41:18 [main] INFO  Log - Closing Browser.
2025-03-04 14:58:44 [main] INFO  Log - Starting WebDriver
2025-03-04 14:58:47 [main] INFO  Log - Navigation to URL....
2025-03-04 14:58:51 [main] INFO  Log - Starting login test...
2025-03-04 14:58:51 [main] INFO  Log - Adding credentials
2025-03-04 14:58:52 [main] INFO  Log - clicking login button...
2025-03-04 14:58:52 [main] INFO  Log - Verifying page title
2025-03-04 14:58:52 [main] INFO  Log - Closing Browser.
2025-03-04 14:59:41 [main] INFO  Log - Starting WebDriver
2025-03-04 14:59:43 [main] INFO  Log - Navigation to URL....
2025-03-04 14:59:45 [main] INFO  Log - Starting login test...
2025-03-04 14:59:45 [main] INFO  Log - Adding credentials
2025-03-04 14:59:45 [main] INFO  Log - clicking login button...
2025-03-04 14:59:46 [main] INFO  Log - Verifying page title
2025-03-04 14:59:46 [main] INFO  Log - Closing Browser.
2025-03-04 15:00:30 [main] INFO  Log - Starting WebDriver
2025-03-04 15:00:32 [main] INFO  Log - Navigation to URL....
2025-03-04 15:00:35 [main] INFO  Log - Starting login test...
2025-03-04 15:00:35 [main] INFO  Log - Adding credentials
2025-03-04 15:00:36 [main] INFO  Log - clicking login button...
2025-03-04 15:00:36 [main] INFO  Log - Verifying page title
2025-03-04 15:00:36 [main] INFO  Log - Closing Browser.
2025-03-04 15:01:05 [main] INFO  Log - Starting WebDriver
2025-03-04 15:01:07 [main] INFO  Log - Navigation to URL....
2025-03-04 15:01:09 [main] INFO  Log - Starting login test...
2025-03-04 15:01:09 [main] INFO  Log - Adding credentials
2025-03-04 15:01:10 [main] INFO  Log - clicking login button...
2025-03-04 15:01:10 [main] INFO  Log - Verifying page title
2025-03-04 15:01:10 [main] INFO  Log - Closing Browser.
2025-03-04 15:40:40 [main] INFO  Log - Starting WebDriver
2025-03-04 15:40:42 [main] INFO  Log - Navigation to URL....
2025-03-04 15:40:43 [main] INFO  Log - Starting login test...
2025-03-04 15:40:43 [main] INFO  Log - Adding credentials
2025-03-04 15:40:44 [main] INFO  Log - Closing Browser.
2025-03-04 15:41:54 [main] INFO  Log - Starting WebDriver
2025-03-04 15:41:56 [main] INFO  Log - Navigation to URL....
2025-03-04 15:41:58 [main] INFO  Log - Starting login test...
2025-03-04 15:41:58 [main] INFO  Log - Adding credentials
2025-03-04 15:41:58 [main] INFO  Log - clicking login button...
2025-03-04 15:41:59 [main] INFO  Log - Verifying page title
2025-03-04 15:41:59 [main] INFO  Log - Closing Browser.
2025-07-21 12:51:01 [main] INFO  Log - Starting WebDriver
2025-07-21 12:51:50 [main] INFO  Log - Navigation to URL....
2025-07-21 12:51:51 [main] INFO  Log - Starting login test...
2025-07-21 12:51:51 [main] INFO  Log - Adding credentials
2025-07-21 12:51:53 [main] INFO  Log - clicking login button...
2025-07-21 12:51:54 [main] INFO  Log - Verifying page title
2025-07-21 12:51:54 [main] INFO  Log - Closing Browser.
